#separator \x09
#set_separator	,
#empty_field	(empty)
#unset_field	-
#path	http
#open	2019-01-02-10-42-02
#fields	ts	uid	uri
#types	time	string	string
1320279566.452687	CiiqNp1Nb6UijbwVfc	/
1320279566.831619	CQnNSm2ozqHWvuVCa	/E-pbDbmiBclPkDaX.jpg
1320279566.831563	CPBUHs1rk9qGmJDoce	/BP5bQfy4o-C7cF6A.jpg
1320279566.831473	CI6pbw36sOJyuPUX3i	/SVUtep3Rhg5FTRn4.jpg
1320279566.831643	CpIgLj3s0ghtqwKfl4	/uuy31444rLSyKdHS.jpg
1320279566.831666	CF4K8W2pEp7lnc6A4l	/BoVp7eG0DUodTIfr.jpg
1320279566.831535	CSMaVe1hyNiPXyE9wh	/IEeSI3Q47xHE0UEz.jpg
1320279567.211407	COQ3O13hNcWnKdM2Dg	/ads/
1320279567.211031	CHdsFcjGbMdw6FQhg	/pixel/of_destiny.png?v=32tb6zakMbpImUZWtz+pksVc/8wYRc822cfKz091HT0oAKWHwZGxGpDcvvwUpyjwU8nJsyGc4cw=&r=296143927
1320279567.296908	CiiqNp1Nb6UijbwVfc	/static/bg-button-positive-unpressed.png
1320279567.451885	CHdsFcjGbMdw6FQhg	/fetch-trackers?callback=jQuery16107779853632052074_1320279566998&ids[]=t5_6&ids[]=t3_lsfmb&ids[]=t3_lsejk&_=1320279567192
1320279567.482546	CUKZpA4KP1Gl9veL1	/fetch-trackers?callback=jQuery16107779853632052074_1320279566999&ids[]=t5_6&ids[]=t3_lsfmb&ids[]=t3_lsejk&_=1320279567197
1320279567.536586	CActav3ZlguUMmiEH4	/__utm.gif?utmwv=5.2.0&utms=1&utmn=872724630&utmhn=www.reddit.com&utme=8(site*srpath*usertype*uitype)9( reddit.com* reddit.com-GET_listing*guest*web)11(3!2)&utmcs=UTF-8&utmsr=1280x800&utmsc=24-bit&utmul=en-us&utmje=0&utmfl=10.1 r102&utmdt=reddit: the front page of the internet&utmhid=1425264550&utmr=-&utmp=/&utmac=UA-12131688-1&utmcc=__utma=55650728.1984705726.1319611466.1320276256.1320279567.22;+__utmz=55650728.1319747429.7.7.utmcsr=google|utmccn=(organic)|utmcmd=organic|utmctr=appengine%20python%20mobile%20analytics;&utmu=qQ~
1320279567.689996	CRJCdh4EOm4aPhpiIe	/news/rss.xml?edition=int
1320279567.680708	CHdsFcjGbMdw6FQhg	/pixel/of_doom.png?id=t5_6&hash=e962d119a7ff69901bb4ceaa7f3ba1224fd704b7&r=741109704
1320279567.683031	CUKZpA4KP1Gl9veL1	/pixel/of_doom.png?id=t3_lsfmb&hash=1c635ac04668546a1c33c2faf3c4814cd6c4f96a&r=1492956402
1320279567.690049	CScJsQ2fPPsQxezji7	/adj/reddit.dart/reddit.com;kw=reddit.com;tile=1;sz=300x250;ord=5117434431991380?
1320279568.281910	CHdsFcjGbMdw6FQhg	/pixel/of_defenestration.png?hash=a8ababd2e4912c8b21d72252ad18ebb5d8e27ea3&id=dart_reddit.com&random=5012335803517919
1320279571.625521	CK3ZgM1lMX8YWMK02b	/
1320279571.883692	CvucRJ14ztlHGVK7fd	/rsrc.php/v1/yt/r/svonORc8tTu.css
1320279571.883724	C4q64a1ygBwlXeeKck	/rsrc.php/v1/yZ/r/ejLIIb8vBQK.css
1320279571.884016	CxzHwg1RlODeqs4Qo3	/rsrc.php/v1/yp/r/kk8dc2UJYJ4.png
1320279571.884052	CH4EQF12iPYIrzJ3T7	/rsrc.php/v1/yb/r/GsNJNwuI-UM.gif
1320279571.930335	CvucRJ14ztlHGVK7fd	/rsrc.php/yi/r/q9U99v3_saj.ico
1320279572.530622	CvucRJ14ztlHGVK7fd	/rsrc.php/v1/yB/r/TwAHgQi2ZPB.png
1320279572.541605	CvucRJ14ztlHGVK7fd	/rsrc.php/v1/yu/r/O03OuHGGSjF.js
1320279572.531333	CxzHwg1RlODeqs4Qo3	/rsrc.php/v1/yi/r/OBaVg52wtTZ.png
1320279577.475501	CS5dItoVGFzwSHuek	/
1320279577.662818	CActav3ZlguUMmiEH4	/siteopt.js?v=1&utmxkey=2467390112&utmx=9273847.00017148082467390112:2:4&utmxx=9273847.00017148082467390112:1320193640:2592000&utmxtime=1320279577646
1320279577.706621	CmkCKF5ftDF8YEGwj	/sd/topics/nasa_64.png
1320279577.706671	CH1i5qCukPwSro2k7	/sd/topics/redhat_64.png
1320279577.727833	CActav3ZlguUMmiEH4	/__utm.gif?utmwv=5.2.0&utms=1&utmn=2075689467&utmhn=slashdot.org&utmcs=UTF-8&utmsr=1280x800&utmsc=24-bit&utmul=en-us&utmje=0&utmfl=10.1 r102&utmdt=Slashdot: News for nerds, stuff that matters&utmhid=756102172&utmr=-&utmp=/2467390112/test&utmac=UA-32013-38&utmcc=__utma=9273847.1625321166.1320279578.1320279578.1320279578.1;+__utmz=9273847.1320279578.1.1.utmcsr=(direct)|utmccn=(direct)|utmcmd=(none);+__utmx=9273847.00017148082467390112:2:4;&utmu=qACg~
1320279577.526624	CCGECbpwohDtk2x9c	/
1320279577.706646	Cv65bWoJiZ7UhyTVi	/sd/topics/apple_64.png
1320279577.746860	CH1i5qCukPwSro2k7	/sd/topics/news_64.png
1320279577.744727	CmkCKF5ftDF8YEGwj	/sd/topics/windows_64.png
1320279577.792926	CH1i5qCukPwSro2k7	/sd/topics/microsoft_64100.png
1320279577.786697	Cv65bWoJiZ7UhyTVi	/sd/topics/bug_64.png
1320279577.706695	CLmV2a25fqt05cBSH6	/sd/topics/science_64.png
1320279577.796082	CmkCKF5ftDF8YEGwj	/sd/topics/privacy_64.png
1320279577.831213	CH1i5qCukPwSro2k7	/sd/topics/games_64.png
1320279577.855921	Cv65bWoJiZ7UhyTVi	/sd/topics/java_64.png
1320279577.706506	Cs4loO2nyEqBgvDJT3	/sd/classic.css?release_20111101.01
1320279577.885356	CmkCKF5ftDF8YEGwj	/sd/topics/facebook_64.png
1320279577.874879	CLmV2a25fqt05cBSH6	/sd/topics/topickde.gif
1320279577.898479	CH1i5qCukPwSro2k7	/sd/topics/technology_64.png
1320279577.706532	Cf5Z6h3vqXPFvJoS43	/sd/all-minified.js?release_20111101.01
1320279578.786070	CActav3ZlguUMmiEH4	/__utm.gif?utmwv=5.2.0&utms=1&utmn=1576123726&utmhn=slashdot.org&utme=8(User Type*Page)9(Anon*index2)&utmcs=UTF-8&utmsr=1280x800&utmsc=24-bit&utmul=en-us&utmje=0&utmfl=10.1 r102&utmdt=Slashdot: News for nerds, stuff that matters&utmhid=756102172&utmr=-&utmp=/&utmac=UA-32013-5&utmcc=__utma=57409013.1111154037.1320279579.1320279579.1320279579.1;+__utmz=57409013.1320279579.1.1.utmcsr=(direct)|utmccn=(direct)|utmcmd=(none);&utmu=qRCg~
1320279578.786348	CCGECbpwohDtk2x9c	/favicon.ico
1320279578.786168	CScJsQ2fPPsQxezji7	/adj/ostg.slashdot/pg_index_p1_leader;pg=index2;logged_in=0;tile=1;sz=728x90;u=;ord=6795061899455057?
1320279578.927905	CEA7aKQEGtOnBBIm7	/BurstingPipe/adServer.bs?cn=rsb&c=28&pli=3258172&PluID=0&w=728&h=90&ord=5919911&ucm=true&ncu=$$http://ad.doubleclick.net/click;h=v8/3bb4/3/0/*/i;246771152;0-0;0;47077322;3454-728/90;44177745/44195532/1;u=;~okv=;pg=index2;logged_in=0;tile=1;sz=728x90;u=;bsg=100834;bsg=100849;bsg=100972;bsg=100974;bsg=109739;~sscs=?$$
1320279579.395786	CU1fyPJXEf07qw1R3	/BurstingCachedScripts//SBTemplates_2_4_11/StdBanner.js?ai=6818549
1320279579.411954	CU1fyPJXEf07qw1R3	/BurstingRes///Site-16990/Type-0/0c04460f-7d5c-47c7-bb52-d55a6cb9dfcc.gif
1320279579.414248	CScJsQ2fPPsQxezji7	/adj/ostg.slashdot/mainpage_p33_powerswitch;pg=index2;logged_in=0;tile=2;sz=980x66;u=;ord=6795061899455057?
1320279579.446304	Cf5Z6h3vqXPFvJoS43	/sd/logo_w_l.png
1320279579.446541	Cs4loO2nyEqBgvDJT3	/sd/classic/img/glyphish-icons-16.png
1320279579.494380	CNot5b2xrfHwe06B1l	/imp?tid=17&ci=90378805&vn1=4.1.1&vn2=imp&ec=UTF-8&cm_mmc=CL11Display-_-Geeknet-_-728x90-_-SimpleQ4
1320279579.635947	Cs4loO2nyEqBgvDJT3	/sd/classic/img/facebook_24.png
1320279579.635700	Cf5Z6h3vqXPFvJoS43	/sd/classic/img/twitter_24.png
1320279579.636241	Cv65bWoJiZ7UhyTVi	/sd/classic/img/rss_24.png
1320279579.660927	CNot5b2xrfHwe06B1l	/imp?tid=17&ci=90378805&vn1=4.1.1&vn2=imp&ec=UTF-8&cm_mmc=CL11Display-_-Geeknet-_-728x90-_-SimpleQ4&cvdone=s
1320279579.605985	CScJsQ2fPPsQxezji7	/adj/ostg.slashdot/pg_index_p83_medrec;pg=index2;logged_in=0;tile=3;sz=300x250,300x600;u=;ord=6795061899455057?
1320279579.754251	C2hx7Lv5pXWAQXBqg	/1251057/plcr_44606913_1318531591501.js
1320279579.731050	CScJsQ2fPPsQxezji7	/ad/N815.slashdot/B5855285.36;sz=1x1
1320279579.788781	C2hx7Lv5pXWAQXBqg	/879366/inpageGlobalTemplate_v2_62_06.js
1320279579.826149	CfRYbF3Rb9Dkxp6DZ5	/viewad/3000209/14-1x1.gif
1320279580.110519	C2hx7Lv5pXWAQXBqg	/1251057/PID_1778428_MABQrgjDNeiVz7Kj.swf
1320279580.134281	CScJsQ2fPPsQxezji7	/adj/ostg.slashdot/pg_index_p31_lower_poll_spons;pg=index;logged_in=0;tile=4;ord=6795061899455057?
1320279580.212196	C2hx7Lv5pXWAQXBqg	/viewad/1251080/peelUp2.png
1320279580.212311	CScJsQ2fPPsQxezji7	/adj/ostg.slashdot/pg_index_CPL_medrec;pg=index;logged_in=0;tile=5;sz=300x250;ord=6795061899455057;?
1320279580.339065	CfkK573mUtQjksowq2	/crossdomain.xml
1320279580.382077	CfkK573mUtQjksowq2	/t.gif?m=a:W5Tk9EhlHtS1pyYL+RycSdDuNycgbdBawaGo+otmkKetUyhIY6Wu7kA=&m=b:JnQ9aW1wcmVzc2lvbiZyPTc2
1320279580.341750	CScJsQ2fPPsQxezji7	/adj/ostg.slashdot/pg_index_p85_medrec;pg=index2;logged_in=0;tile=6;sz=300x250,300x600;u=;ord=6795061899455057?
1320279581.309602	Cq1BxT1WpHEH5Ls9B9	/pagead/show_ads.js
1320279581.313348	CoEnMN1fq17OPM2iL9	/crossdomain.xml
1320279581.510471	CActav3ZlguUMmiEH4	/__utm.gif?utmwv=5.2.0&utms=2&utmn=949132929&utmhn=slashdot.org&utmt=event&utme=5(Firehose*FirehoseMore*10)8(User Type*Page)9(Anon*index2)&utmcs=UTF-8&utmsr=1280x800&utmsc=24-bit&utmul=en-us&utmje=0&utmfl=10.1 r102&utmdt=Slashdot: News for nerds, stuff that matters&utmhid=756102172&utmr=-&utmp=/&utmac=UA-32013-5&utmcc=__utma=57409013.1111154037.1320279579.1320279579.1320279579.1;+__utmz=57409013.1320279579.1.1.utmcsr=(direct)|utmccn=(direct)|utmcmd=(none);&utmu=6RCgAAAAAAAAAAAAQ~
1320279581.442967	CoEnMN1fq17OPM2iL9	/runtime.xml
1320279581.425927	CScJsQ2fPPsQxezji7	/adj/ostg.slashdot/pg_index_google_medrec;pg=index2;logged_in=0;tile=7;sz=300x250,300x600;u=;ord=6795061899455057?
1320279581.494295	Cf8XiF1bC5biG44Nl3	/pagead/ads?client=ca-ostg_js&format=300x250_pas_abgnc&output=html&h=250&w=300&lmt=1320279577&channel=books_sd_pages&region=default&ad_type=text,image,flash,html&adtest=off&alt_color=ffffff&color_bg=cccccc&color_border=bababa&color_line=c8c8c8&color_link=002f2f&color_text=000000&oe=utf8&flash=10.1.102&url=http://slashdot.org/&adsafe=high&dt=1320279581339&bpp=3&shv=r20111026&jsv=r20110914&correlator=1320279581423&frm=4&adk=3033987521&ga_vid=473684895.1320279581&ga_sid=1320279581&ga_hid=756102172&ga_fc=0&ga_wpids=UA-32013-5&u_tz=-240&u_his=3&u_java=0&u_h=800&u_w=1280&u_ah=726&u_aw=1280&u_cd=24&u_nplug=4&u_nmime=64&dff=arial&dfs=13&adx=939&ady=1333&biw=1265&bih=617&fu=0&ifi=1&dtd=128&xpc=ZMG9awPxwx&p=http://slashdot.org
1320279581.820179	C2fkjOa55EKy5IGf8	/b?c1=2&c2=6035546&rn=0.8987666179077362&c7=http://slashdot.org/&c3=&c4=&c5=&c6=&c10=&c15=&c16=&c8=Slashdot: News for nerds, stuff that matters&c9=&cv=1.7
1320279581.866795	Cq1BxT1WpHEH5Ls9B9	/pagead/imgad?id=CICAgMDOnZWCUxCsAhj6ATIICPPzdVZiN_g
1320279581.833299	Cf8XiF1bC5biG44Nl3	/pagead/ads?client=ca-ostg_js&format=300x250_pas_abgnc&output=html&h=250&w=300&lmt=1320279577&channel=slashdot_imu_geo_us&region=default&ad_type=text,image,flash,html&adtest=off&alt_color=ffffff&color_bg=cccccc&color_border=bababa&color_line=c8c8c8&color_link=002f2f&color_text=000000&oe=utf8&flash=10.1.102&url=http://slashdot.org/&adsafe=high&dt=1320279581648&bpp=3&shv=r20111026&jsv=r20110914&prev_fmts=300x250_pas_abgnc&correlator=1320279581423&frm=4&adk=2897144109&ga_vid=473684895.1320279581&ga_sid=1320279581&ga_hid=756102172&ga_fc=0&u_tz=-240&u_his=3&u_java=0&u_h=800&u_w=1280&u_ah=726&u_aw=1280&u_cd=24&u_nplug=4&u_nmime=64&dff=arial&dfs=13&adx=939&ady=3468&biw=1265&bih=617&fu=0&ifi=2&dtd=172&xpc=8j2egD1P4r&p=http://slashdot.org
1320279582.056477	Cf8XiF1bC5biG44Nl3	/pagead/imgad?id=CLK48PnasdKuNxCsAhj6ATII1hcxUl9z8x8
1320279582.246333	C1n5Nn4b7Nar1dZvo9	/crossdomain.xml
1320279582.411626	Cf5Z6h3vqXPFvJoS43	/sd/spinner_ffffff_on_004242.gif
1320279582.409055	CActav3ZlguUMmiEH4	/__utm.gif?utmwv=5.2.0&utms=3&utmn=246596971&utmhn=slashdot.org&utmt=event&utme=5(Firehose*FirehoseMore*20)8(User Type*Page)9(Anon*index2)&utmcs=UTF-8&utmsr=1280x800&utmsc=24-bit&utmul=en-us&utmje=0&utmfl=10.1 r102&utmdt=Slashdot: News for nerds, stuff that matters&utmhid=756102172&utmr=-&utmp=/&utmac=UA-32013-5&utmcc=__utma=57409013.1111154037.1320279579.1320279579.1320279579.1;+__utmz=57409013.1320279579.1.1.utmcsr=(direct)|utmccn=(direct)|utmcmd=(none);&utmu=6RCgAAAAAAAAAAAAQ~
1320279582.288447	C1n5Nn4b7Nar1dZvo9	/code/1319516275/player.swf
1320279582.366695	CCGECbpwohDtk2x9c	/ajax.pl
1320279584.545928	Cv65bWoJiZ7UhyTVi	/sd/topics/medicine_64.png?refresh=now
1320279584.546009	CH1i5qCukPwSro2k7	/sd/topics/government_64.png
1320279584.546848	CmkCKF5ftDF8YEGwj	/sd/topics/censorship_64.png
1320279584.544804	Cs4loO2nyEqBgvDJT3	/sd/topics/business_64.png
1320279584.546073	CLmV2a25fqt05cBSH6	/sd/topics/power_64.png
1320279584.582221	Cv65bWoJiZ7UhyTVi	/sd/topics/hp_64.png
1320279584.591410	CH1i5qCukPwSro2k7	/sd/topics/security_64.png
1320279584.595893	CmkCKF5ftDF8YEGwj	/sd/topics/court_64.png
1320279584.544227	Cf5Z6h3vqXPFvJoS43	/sd/topics/china_64.png
1320279584.602215	Cs4loO2nyEqBgvDJT3	/sd/topics/money_64.png
1320279584.624590	CLmV2a25fqt05cBSH6	/sd/topics/idle_64.png
1320279584.594900	C1n5Nn4b7Nar1dZvo9	/font/Tahoma.swf
1320279584.635813	C2Evnv3DJTfv0PDBDk	/font/Futura.swf
1320279584.651727	CqX0TD4UrhJsg27MS6	/font/Archer.swf
1320279585.764353	CI0lHS34DVEjyo5jTh	/crossdomain.xml
1320279585.653934	C1n5Nn4b7Nar1dZvo9	/code/1319516275/com.sproutbuilder.components.video.VideoComponent.swf
1320279585.839709	CqX0TD4UrhJsg27MS6	/code/1319516275/com.sproutbuilder.components.button.ButtonComponent.swf
1320279586.039240	CRGKcx4m8WhDyIaisj	/asset/aADeSoj6NM7TVgD-.png
1320279586.039757	CtwYau4b09QzuwSv8b	/asset/wwCdFIihNP2BVYdd.png
1320279586.041164	CUF2eT2uze3xKZxBIb	/asset/3ADTPIg3NBsgWP5u.png
1320279586.052831	CHwgdG4msrnmBblpwd	/asset/qABVt4hSNIK2WmTu.png
1320279586.081611	CRGKcx4m8WhDyIaisj	/asset/UgDmFIiWNOMoVJD_.png
1320279586.037832	CpmDEB483q6XiC3oFe	/asset/dQA7E4gKNDB1UJoP.png
1320279586.000195	CI0lHS34DVEjyo5jTh	/asset/vgBY54hjNDESTf27.jpg
1320279587.052749	CI0lHS34DVEjyo5jTh	/asset/qABVt4hSNIK2WmTu.png
1320279587.124669	CIaKwp3dzPP8vJiHG9	/crossdomain.xml
1320279587.627640	CIaKwp3dzPP8vJiHG9	/apiplayer?version=3
1320279588.180462	Cm41Zd1wmENXRZM6h	/yt/swfbin/apiplayer3-vflmM-6Dr.swf
1320279589.337053	CkkrGY3GqZvwgx7WLd	/vi/gDbg_GeuiSY/hqdefault.jpg
1320279589.319143	CqX0TD4UrhJsg27MS6	/code/1319516275/com.sproutbuilder.platforms.DoubleClickPlatform.swf
1320279589.317863	C1n5Nn4b7Nar1dZvo9	/code/1319516275/com.sproutbuilder.platforms.GoogleAnalyticsPlatform.swf
1320279590.080406	CScJsQ2fPPsQxezji7	/activity;src=1251057;met=1;v=1;pid=47077323;aid=247206211;ko=11;cid=44589125;rid=44606913;rv=1;&timestamp=1320279590078;eid1=2;ecn1=1;etm1=8;
1320279590.554429	CActav3ZlguUMmiEH4	/__utm.gif?utmwv=4.3as&utmn=1977361745&utmhn=s0.2mdn.net&utmt=event&utme=5(cachedCodeMiss*MABQrgjDNeiVz7Kj* )(0)&utmcs=UTF-8&utmsr=1280x800&utmsc=24-bit&utmul=en-us&utmje=0&utmfl=10.1 r102&utmdt=Slashdot: News for nerds, stuff that matters&utmhid=756102172&utmr=-&utmp=/&utmac=UA-5905822-1&utmcc=__utma=83256788.1532070249585310700.1304822985.1320193646.1320279590.297;
1320279590.579330	CNSYfF3NtZBahtgpK1	/__utm.gif?utmwv=4.3as&utmn=754945709&utmhn=s0.2mdn.net&utmcs=UTF-8&utmsr=1280x800&utmsc=24-bit&utmul=en-us&utmje=0&utmfl=10.1 r102&utmdt=Slashdot: News for nerds, stuff that matters&utmhid=756102172&utmr=-&utmp=/sprout/MABQrgjDNeiVz7Kj/view&utmac=UA-5905822-1&utmcc=__utma=83256788.1532070249585310700.1304822985.1320193646.1320279590.297;
1320279590.581157	CActav3ZlguUMmiEH4	/__utm.gif?utmwv=4.3as&utmn=1428329940&utmhn=s0.2mdn.net&utmcs=UTF-8&utmsr=1280x800&utmsc=24-bit&utmul=en-us&utmje=0&utmfl=10.1 r102&utmdt=Slashdot: News for nerds, stuff that matters&utmhid=756102172&utmr=-&utmp=/MABQrgjDNeiVz7Kj&utmac=UA-32013-47&utmcc=__utma=83256788.1532070249585310700.1304822985.1320279590.1320279590.298;
1320279590.581430	CvueFo2MaxfbzmgPpk	/__utm.gif?utmwv=4.3as&utmn=223025521&utmhn=s0.2mdn.net&utmcs=UTF-8&utmsr=1280x800&utmsc=24-bit&utmul=en-us&utmje=0&utmfl=10.1 r102&utmdt=Slashdot: News for nerds, stuff that matters&utmhid=756102172&utmr=-&utmp=/MABQrgjDNeiVz7Kj/Untitled Page&utmac=UA-32013-47&utmcc=__utma=83256788.1532070249585310700.1304822985.1320279590.1320279590.298;
1320279600.078941	CScJsQ2fPPsQxezji7	/activity;src=1251057;met=1;v=1;pid=47077323;aid=247206211;ko=11;cid=44589125;rid=44606913;rv=1;&timestamp=1320279600077;eid1=2;ecn1=0;etm1=10;
1320279600.921844	ComnBA2Wm3rrzSh2O	/jsapi
1320279600.688672	Cg3XoK3r0OV94UR6Qd	/
1320279600.921091	Cvp7Ve1h4JTrhdCcPk	/css/pygments.css
1320279600.924479	CZNiMCjvOwe9KhsV	/css/print.css
1320279600.921641	CF0tEM1MrXEOWk4M4	/css/960.css
1320279601.025685	CZNiMCjvOwe9KhsV	/js/jquery.zrssfeed.js
1320279600.995522	Cg3XoK3r0OV94UR6Qd	/js/jquery.fancybox-1.3.4.pack.js
1320279601.021907	Cvp7Ve1h4JTrhdCcPk	/js/jquery.tweet.js
1320279601.130463	CZNiMCjvOwe9KhsV	/js/superfish.js
1320279601.201354	Cg3XoK3r0OV94UR6Qd	/js/hoverIntent.js
1320279601.219818	Cvp7Ve1h4JTrhdCcPk	/js/general.js
1320279601.127352	CF0tEM1MrXEOWk4M4	/js/jquery.tableofcontents.js
1320279600.921817	CfhMvC1DAxZtvcruZk	/css/bro-ids.css
1320279601.239924	CZNiMCjvOwe9KhsV	/js/jquery.collapse.js
1320279600.925084	CnL1Bc4ayilZoAmp7	/js/jquery.cycle.all.min.js
1320279601.385890	ComnBA2Wm3rrzSh2O	/uds/?file=search&v=1&hl=en
1320279601.554052	ComnBA2Wm3rrzSh2O	/uds/?file=ads&v=3&packages=search&async=2
1320279601.305092	Cg3XoK3r0OV94UR6Qd	/images/bro-eyes.png
1320279601.576535	CulWPG2wOC2bjtyS7h	/uds/css/small-logo.png
1320279601.576629	Cyer6v4uopPHb6WFMh	/uds/css/clear.gif
1320279601.585473	CMfeJy24wPexD5L7l5	/ajax/services/feed/load?v=1.0&callback=jsonp1320279601362&q=http://blog.bro-ids.org/feeds/posts/default&num=5
1320279601.636171	CRBKy83FTaRq0hXJh6	/search.json?&q=#BroIDS&rpp=2&callback=jsonp1320279601360
1320279601.631059	Cdr7Hs3PJ1itJ7UCM9	/1/statuses/user_timeline.json?screen_name=Bro_IDS&count=2&include_rts=1&callback=jsonp1320279601361
1320279610.842497	CgN1mH2gVp5zAO631i	/download/index.html
1320279611.147279	CgN1mH2gVp5zAO631i	/js/breadcrumbs.js
1320279611.248377	CgN1mH2gVp5zAO631i	/images/icons/download.png
1320279611.530084	ComnBA2Wm3rrzSh2O	/uds/css/small-logo.png
1320279611.530359	CulWPG2wOC2bjtyS7h	/uds/css/clear.gif
1320279611.527729	CMfeJy24wPexD5L7l5	/ajax/services/feed/load?v=1.0&callback=jsonp1320279611010&q=http://blog.bro-ids.org/feeds/posts/default&num=5
1320279611.527499	Cdr7Hs3PJ1itJ7UCM9	/1/statuses/user_timeline.json?screen_name=Bro_IDS&count=2&include_rts=1&callback=jsonp1320279611009
1320279611.615559	CQL4Ye24W9W4NFvgY5	/search.json?&q=#BroIDS&rpp=2&callback=jsonp1320279611008
1320279612.151517	CgN1mH2gVp5zAO631i	/documentation/index.html
1320279612.497234	ComnBA2Wm3rrzSh2O	/uds/css/small-logo.png
1320279612.497348	Cyer6v4uopPHb6WFMh	/uds/css/clear.gif
1320279612.495602	CMfeJy24wPexD5L7l5	/ajax/services/feed/load?v=1.0&callback=jsonp1320279612311&q=http://blog.bro-ids.org/feeds/posts/default&num=5
1320279612.495458	Cdr7Hs3PJ1itJ7UCM9	/1/statuses/user_timeline.json?screen_name=Bro_IDS&count=2&include_rts=1&callback=jsonp1320279612310
1320279612.574308	CoQZYz1V8ZKmvBz7g	/search.json?&q=#BroIDS&rpp=2&callback=jsonp1320279612309
1320279613.969241	ComnBA2Wm3rrzSh2O	/uds/css/small-logo.png
1320279613.970081	CulWPG2wOC2bjtyS7h	/uds/css/clear.gif
1320279613.968918	CMfeJy24wPexD5L7l5	/ajax/services/feed/load?v=1.0&callback=jsonp1320279613813&q=http://blog.bro-ids.org/feeds/posts/default&num=5
1320279613.968841	Cdr7Hs3PJ1itJ7UCM9	/1/statuses/user_timeline.json?screen_name=Bro_IDS&count=2&include_rts=1&callback=jsonp1320279613812
1320279614.052578	CRS0IX1SsCctqwaDZ8	/search.json?&q=#BroIDS&rpp=2&callback=jsonp1320279613811
1320279616.824058	CJ4s6D4IYmtKkEx831	/images/public/amz/0/9/0/0/842694020090_500W_433H.jpg
1320279630.119515	Cyys7W1MxZtBxCg9g8	/community/index.html
1320279630.488327	ComnBA2Wm3rrzSh2O	/uds/css/small-logo.png
1320279630.488443	Cyer6v4uopPHb6WFMh	/uds/css/clear.gif
1320279630.486761	CMfeJy24wPexD5L7l5	/ajax/services/feed/load?v=1.0&callback=jsonp1320279630306&q=http://blog.bro-ids.org/feeds/posts/default&num=5
1320279630.565603	CGzEj8JdwMFEgDSGe	/search.json?&q=#BroIDS&rpp=2&callback=jsonp1320279630304
1320279630.566430	CvbPUu44BOCJNxtxO1	/1/statuses/user_timeline.json?screen_name=Bro_IDS&count=2&include_rts=1&callback=jsonp1320279630305
1320279636.797267	CvVvfE4AB7P86reEAj	/development/index.html
1320279637.219103	ComnBA2Wm3rrzSh2O	/uds/css/small-logo.png
1320279637.219249	CulWPG2wOC2bjtyS7h	/uds/css/clear.gif
1320279637.215608	CMfeJy24wPexD5L7l5	/ajax/services/feed/load?v=1.0&callback=jsonp1320279636956&q=http://blog.bro-ids.org/feeds/posts/default&num=5
1320279637.303129	Ct79TH1YyEuzSum24e	/search.json?&q=#BroIDS&rpp=2&callback=jsonp1320279636954
1320279637.215272	CvbPUu44BOCJNxtxO1	/1/statuses/user_timeline.json?screen_name=Bro_IDS&count=2&include_rts=1&callback=jsonp1320279636955
1320279638.548436	CAKw3PgNbx6NV3Lec	/
1320279639.050631	CZcnOC2Shzcg4XRyb5	/static/git-logo.png
1320279639.053683	Cwis4V3gqSG0h58Omf	/static/git-favicon.png
1320279639.047586	CAKw3PgNbx6NV3Lec	/static/gitweb.css
1320279639.244415	C3Fiek3BqnpcDEU3Ei	/frames/header.html
1320279639.244463	CV0UhH3XbEXRTqRYac	/frames/footer.html
1320279639.348046	CvVvfE4AB7P86reEAj	/frames/header.html
1320279639.053730	CjQRA91XZ3bsEy28V4	/static/gitweb.js
1320279639.463465	CvVvfE4AB7P86reEAj	/images/logo-bro-small.png
1320279639.448670	CpARB2dG43PXZJ2k6	/frames/footer.html
1320279639.786857	CvYooP1x5BONF0lZWe	/search.json?&q=#BroIDS&rpp=2&callback=jsonp1320279639636
1320279672.372857	C6wn7Y2fTpQ0KjHen1	/research/index.html
1320279673.123842	Cyer6v4uopPHb6WFMh	/uds/css/clear.gif
1320279673.123121	ComnBA2Wm3rrzSh2O	/uds/css/small-logo.png
1320279673.121725	CMfeJy24wPexD5L7l5	/ajax/services/feed/load?v=1.0&callback=jsonp1320279672539&q=http://blog.bro-ids.org/feeds/posts/default&num=5
1320279673.204466	C9LWh63cInXpL08S4h	/1/statuses/user_timeline.json?screen_name=Bro_IDS&count=2&include_rts=1&callback=jsonp1320279672538
1320279673.198815	ClgAXr8F0UsegDPX8	/search.json?&q=#BroIDS&rpp=2&callback=jsonp1320279672537
#close	2019-01-02-10-42-02
